<?xml version="1.0" encoding="UTF-8"?>
<!-- Generated by org.testng.reporters.JUnitReportReporter -->
<testsuite skipped="0" hostname="vinkrish" name="regex.EmailValidatorTest" tests="2" failures="0" timestamp="04 Jun 2018 14:40:02 GMT" time="0.012" errors="0">
  <testcase name="ValidEmailTest" time="0.010" classname="regex.EmailValidatorTest"/>
  <testcase name="InValidEmailTest" time="0.002" classname="regex.EmailValidatorTest"/>
</testsuite> <!-- regex.EmailValidatorTest -->
